{"message":"Title is required","level":"error"}
{"message":"Title is required","level":"error"}
{"message":"Title is required","level":"error"}
{"message":"Title is required","level":"error"}
{"message":"Title is required","level":"error"}
{"message":"Title is required","level":"error"}
{"message":"Title is required","level":"error"}
{"message":"Title is required","level":"error"}
{"message":"Title is required","level":"error"}
{"message":"Title is required","level":"error"}
{"message":"valid url is required","level":"error"}
{"message":"Bookmark with id 556a1035-a229-4ebd-b09c-595c86c5bd12 was created","level":"info"}
{"message":"valid url is required","level":"error"}
{"message":"valid url is required","level":"error"}
{"message":"Bookmark with id cf9ef2fe-d1c7-4de4-aed8-32b5d4e2cbf2 was created","level":"info"}
{"message":"Bookmark with id bce33382-36ad-4d7d-af2e-ee17da1fc418 was created","level":"info"}
{"message":"valid url is required","level":"error"}
{"message":"Bookmark with id c6c18460-b0aa-41ea-8ba1-98d1c1c08167 was created","level":"info"}
{"message":"valid url is required","level":"error"}
{"message":"Bookmark with id e3996ae8-2f8e-48a1-9973-53682d27d790 was created","level":"info"}
{"message":"Bookmark with id 6e5bc2e2-3f37-431c-a1d0-52238740b208 was created","level":"info"}
{"message":"Bookmark with id 19a9ac6a-9be3-45ff-b22f-2d797678cee0 was created","level":"info"}
{"message":"valid url is required","level":"error"}
{"message":"Bookmark with id 9d177567-aa9e-4f4e-93f0-c8ed607cea85 was created","level":"info"}
{"message":"Bookmark with id 5e60cf9e-c3bf-48f1-b57f-06d0ed44222a was created","level":"info"}
{"message":"valid url is required","level":"error"}
{"message":"Bookmark with id defcc5ad-e81f-4c20-af6a-9443d65bce53 was created","level":"info"}
{"message":"valid url is required","level":"error"}
{"message":"Bookmark with id c5a88d2e-4555-40bc-bca5-f81ff5799b43 was created","level":"info"}
{"message":"valid url is required","level":"error"}
{"message":"valid url is required","level":"error"}
{"message":"Bookmark with id 166e3411-e346-4bf6-abe7-199f2890874a was created","level":"info"}
{"message":"Bookmark with id 1e1b4909-96c2-46ae-baec-28c04f99bbca was created","level":"info"}
{"message":"valid url is required","level":"error"}
{"message":"valid url is required","level":"error"}
{"message":"Bookmark with id 220b87dc-12a8-415d-9630-03f30e97987e was created","level":"info"}
{"message":"Bookmark list with id 099de6c4-58ac-4bf2-b430-d5662d0c1713 deleted","level":"info"}
{"message":"Bookmark with id 099de6c4-58ac-4bf2-b430-d5662d0c1713 not found.","level":"error"}
{"message":"Bookmark list with id 3724bd5b-d8ac-4475-b3ff-0c3e7d1cd71e deleted","level":"info"}
{"message":"Bookmark with id 3724bd5b-d8ac-4475-b3ff-0c3e7d1cd71e not found.","level":"error"}
{"message":"valid rating is required","level":"error"}
{"message":"valid rating is required","level":"error"}
{"message":"Bookmark with id 31d28f4c-2874-4174-8734-0dde8e83fefc was created","level":"info"}
{"message":"Bookmark with id 5078b604-3a66-47a8-82a4-7f1a9b19a926 was created","level":"info"}
{"message":"valid rating is required","level":"error"}
{"message":"valid rating is required","level":"error"}
{"message":"Bookmark with id 5f1502ad-93ca-4390-a0b5-291a686ce1e1 was created","level":"info"}
{"message":"valid rating is required","level":"error"}
{"message":"Bookmark with id e7b19556-1dea-4a7a-a720-0d26cf3d2a8a was created","level":"info"}
{"message":"valid rating is required","level":"error"}
{"message":"valid rating is required","level":"error"}
{"message":"Bookmark with id 99ee9e1a-d1bd-4ae1-9dc9-61cd51b6a100 was created","level":"info"}
{"message":"Bookmark with id eb802cae-e966-4ead-80bc-62e7c039c5c8 was created","level":"info"}
{"message":"valid url is required","level":"error"}
{"message":"Bookmark with id 87b51d6d-a6bc-4923-9af6-c5ce9f00215b was created","level":"info"}
{"message":"Bookmark with id f98c48e8-192b-4122-8ce2-8d655fcd0862 was created","level":"info"}
{"message":"Unauthorized request to path: /","level":"error"}
